2026-07-22T17:28:42.9270753Z  * [new branch]      feature/freedos-gui     -> origin/feature/freedos-gui
2026-07-22T17:28:42.9273484Z  * [new branch]      feature/freedos-kernel-contract -> origin/feature/freedos-kernel-contract
2026-07-22T17:28:42.9276085Z  * [new branch]      feature/freedos-linux-backend -> origin/feature/freedos-linux-backend
2026-07-22T17:28:42.9278960Z  * [new branch]      feature/freedos-media-verifier -> origin/feature/freedos-media-verifier
2026-07-22T17:28:42.9282314Z  * [new branch]      feature/freedos-payload-contract -> origin/feature/freedos-payload-contract
2026-07-22T17:28:42.9285392Z  * [new branch]      feature/freedos-payload-provenance -> origin/feature/freedos-payload-provenance
2026-07-22T17:28:42.9288282Z  * [new branch]      feature/freedos-release-maintenance -> origin/feature/freedos-release-maintenance
2026-07-22T17:28:42.9291611Z  * [new branch]      feature/freedos-streaming-image -> origin/feature/freedos-streaming-image
2026-07-22T17:28:42.9296106Z  * [new branch]      feature/gtk-accessibility -> origin/feature/gtk-accessibility
2026-07-22T17:28:42.9300288Z  * [new branch]      feature/gtk-drive-image-backup -> origin/feature/gtk-drive-image-backup
2026-07-22T17:28:42.9305498Z  * [new branch]      feature/gtk-drive-image-backup-clean -> origin/feature/gtk-drive-image-backup-clean
2026-07-22T17:28:42.9310753Z  * [new branch]      feature/linux-compatibility-report -> origin/feature/linux-compatibility-report
2026-07-22T17:28:42.9315316Z  * [new branch]      feature/nonbootable-executor -> origin/feature/nonbootable-executor
2026-07-22T17:28:42.9318300Z  * [new branch]      feature/nonbootable-gtk -> origin/feature/nonbootable-gtk
2026-07-22T17:28:42.9320435Z  * [new branch]      feature/nonbootable-plan -> origin/feature/nonbootable-plan
2026-07-22T17:28:42.9323344Z  * [new branch]      feature/persistence-guided-flow -> origin/feature/persistence-guided-flow
2026-07-22T17:28:42.9326203Z  * [new branch]      feature/persistence-wizard -> origin/feature/persistence-wizard
2026-07-22T17:28:42.9329617Z  * [new branch]      feature/post-operation-reuse -> origin/feature/post-operation-reuse
2026-07-22T17:28:42.9332254Z  * [new branch]      feature/release-published-contract -> origin/feature/release-published-contract
2026-07-22T17:28:42.9335242Z  * [new branch]      feature/uefi-runtime-validation -> origin/feature/uefi-runtime-validation
2026-07-22T17:28:42.9337795Z  * [new branch]      feature/unified-persistence-ui -> origin/feature/unified-persistence-ui
2026-07-22T17:28:42.9340217Z  * [new branch]      feature/usb-check-ui    -> origin/feature/usb-check-ui
2026-07-22T17:28:42.9342410Z  * [new branch]      feature/usb-check-ui-clean -> origin/feature/usb-check-ui-clean
2026-07-22T17:28:42.9345340Z  * [new branch]      feature/verified-acquisition-gui -> origin/feature/verified-acquisition-gui
2026-07-22T17:28:42.9348293Z  * [new branch]      feature/windows-option-eligibility -> origin/feature/windows-option-eligibility
2026-07-22T17:28:42.9352295Z  * [new branch]      feature/windows-payload-report -> origin/feature/windows-payload-report
2026-07-22T17:28:42.9356556Z  * [new branch]      fetch-uefi-assets       -> origin/fetch-uefi-assets
2026-07-22T17:28:42.9360401Z  * [new branch]      fix/0.11-canonical-tag-lookup -> origin/fix/0.11-canonical-tag-lookup
2026-07-22T17:28:42.9364723Z  * [new branch]      fix/0.11-main-push-gates -> origin/fix/0.11-main-push-gates
2026-07-22T17:28:42.9368845Z  * [new branch]      fix/0.11-release-runtime-integrity -> origin/fix/0.11-release-runtime-integrity
2026-07-22T17:28:42.9372354Z  * [new branch]      fix/0.11-tag-404-detection -> origin/fix/0.11-tag-404-detection
2026-07-22T17:28:42.9374738Z  * [new branch]      fix/freedos-progress    -> origin/fix/freedos-progress
2026-07-22T17:28:42.9376953Z  * [new branch]      fix/gui-dialog-bounded-height -> origin/fix/gui-dialog-bounded-height
2026-07-22T17:28:42.9380409Z  * [new branch]      fix/nonbootable-dialog-height -> origin/fix/nonbootable-dialog-height
2026-07-22T17:28:42.9384508Z  * [new branch]      fix/nonbootable-sector-plan -> origin/fix/nonbootable-sector-plan
2026-07-22T17:28:42.9388261Z  * [new branch]      fix/nonbootable-sector-plan-2 -> origin/fix/nonbootable-sector-plan-2
2026-07-22T17:28:42.9392267Z  * [new branch]      fix/nonbootable-sector-plan-3 -> origin/fix/nonbootable-sector-plan-3
2026-07-22T17:28:42.9396754Z  * [new branch]      fix/persistence-formatter-reopen -> origin/fix/persistence-formatter-reopen
2026-07-22T17:28:42.9400939Z  * [new branch]      fix/pr225-hardware-followups -> origin/fix/pr225-hardware-followups
2026-07-22T17:28:42.9405035Z  * [new branch]      fix/wim-metadata-utf16  -> origin/fix/wim-metadata-utf16
2026-07-22T17:28:42.9409395Z  * [new branch]      hotfix/0.10.6-persistence-no-automount -> origin/hotfix/0.10.6-persistence-no-automount
2026-07-22T17:28:42.9414018Z  * [new branch]      hotfix/0.12.1-gtk-launch -> origin/hotfix/0.12.1-gtk-launch
2026-07-22T17:28:42.9417214Z  * [new branch]      import-v0.4.0           -> origin/import-v0.4.0
2026-07-22T17:28:42.9420120Z  * [new branch]      import-v0.5.0           -> origin/import-v0.5.0
2026-07-22T17:28:42.9423706Z  * [new branch]      import-v0.5.0-source    -> origin/import-v0.5.0-source
2026-07-22T17:28:42.9426585Z  * [new branch]      main                    -> origin/main
2026-07-22T17:28:42.9428970Z  * [new branch]      ops/publish-pr221-test-release -> origin/ops/publish-pr221-test-release
2026-07-22T17:28:42.9432388Z  * [new branch]      ops/publish-pr232-prerelease -> origin/ops/publish-pr232-prerelease
2026-07-22T17:28:42.9435133Z  * [new branch]      ops/refresh-prerelease-pr225 -> origin/ops/refresh-prerelease-pr225
2026-07-22T17:28:42.9437190Z  * [new branch]      recovery/0.8.0          -> origin/recovery/0.8.0
2026-07-22T17:28:42.9439219Z  * [new branch]      recovery/import-0.8.0   -> origin/recovery/import-0.8.0
2026-07-22T17:28:42.9441582Z  * [new branch]      release-v0.4.0-import   -> origin/release-v0.4.0-import
2026-07-22T17:28:42.9444128Z  * [new branch]      release/0.11-tag-publication -> origin/release/0.11-tag-publication
2026-07-22T17:28:42.9446308Z  * [new branch]      release/0.11.0          -> origin/release/0.11.0
2026-07-22T17:28:42.9448180Z  * [new branch]      release/0.12.0          -> origin/release/0.12.0
2026-07-22T17:28:42.9449928Z  * [new branch]      release/0.13.0-rc       -> origin/release/0.13.0-rc
2026-07-22T17:28:42.9451805Z  * [new branch]      release/0.9.0-rc1       -> origin/release/0.9.0-rc1
2026-07-22T17:28:42.9454247Z  * [new branch]      rewrite/freedos-device-plan-clean -> origin/rewrite/freedos-device-plan-clean
2026-07-22T17:28:42.9456771Z  * [new branch]      rewrite/freedos-executor-clean -> origin/rewrite/freedos-executor-clean
2026-07-22T17:28:42.9459176Z  * [new branch]      rewrite/freedos-streaming-clean -> origin/rewrite/freedos-streaming-clean
2026-07-22T17:28:42.9461253Z  * [new branch]      stage2/0.13.0           -> origin/stage2/0.13.0
2026-07-22T17:28:42.9463412Z  * [new branch]      stage2/freedos-feasibility -> origin/stage2/freedos-feasibility
2026-07-22T17:28:42.9465402Z  * [new branch]      verify-dbx-0.8          -> origin/verify-dbx-0.8
2026-07-22T17:28:42.9467062Z  * [new tag]         RufusUbuntuArm64        -> RufusUbuntuArm64
2026-07-22T17:28:42.9468503Z  * [new tag]         v0.11.0                 -> v0.11.0
2026-07-22T17:28:42.9469824Z  * [new tag]         v0.12.0                 -> v0.12.0
2026-07-22T17:28:42.9471138Z  * [new tag]         v0.12.1                 -> v0.12.1
2026-07-22T17:28:42.9473039Z  * [new tag]         v0.13.0-pr221-test      -> v0.13.0-pr221-test
2026-07-22T17:28:42.9474805Z  * [new tag]         v0.13.0-pr225-test      -> v0.13.0-pr225-test
2026-07-22T17:28:42.9476409Z  * [new tag]         v0.13.0-pr229-test      -> v0.13.0-pr229-test
2026-07-22T17:28:42.9478001Z  * [new tag]         v0.13.0-pr232-test      -> v0.13.0-pr232-test
2026-07-22T17:28:42.9481249Z [command]/usr/bin/git branch --list --remote origin/fix/freedos-progress
2026-07-22T17:28:42.9483090Z   origin/fix/freedos-progress
2026-07-22T17:28:42.9485735Z [command]/usr/bin/git rev-parse refs/remotes/origin/fix/freedos-progress
2026-07-22T17:28:42.9487322Z 0754e45fd740f661866e24da6b25071ed22d8406
2026-07-22T17:28:42.9490474Z ##[endgroup]
2026-07-22T17:28:42.9492708Z ##[group]Determining the checkout info
2026-07-22T17:28:42.9494515Z ##[endgroup]
2026-07-22T17:28:42.9495505Z [command]/usr/bin/git sparse-checkout disable
2026-07-22T17:28:42.9498309Z [command]/usr/bin/git config --local --unset-all extensions.worktreeConfig
2026-07-22T17:28:42.9501589Z ##[group]Checking out the ref
2026-07-22T17:28:42.9503863Z [command]/usr/bin/git checkout --progress --force -B fix/freedos-progress refs/remotes/origin/fix/freedos-progress
2026-07-22T17:28:42.9893739Z Switched to a new branch 'fix/freedos-progress'
2026-07-22T17:28:42.9897310Z branch 'fix/freedos-progress' set up to track 'origin/fix/freedos-progress'.
2026-07-22T17:28:42.9908672Z ##[endgroup]
2026-07-22T17:28:42.9952146Z [command]/usr/bin/git log -1 --format=%H
2026-07-22T17:28:42.9981203Z 0754e45fd740f661866e24da6b25071ed22d8406
2026-07-22T17:28:43.0213979Z ##[group]Run set -euo pipefail
2026-07-22T17:28:43.0215214Z [36;1mset -euo pipefail[0m
2026-07-22T17:28:43.0216265Z [36;1mpython3 - <<'PY'[0m
2026-07-22T17:28:43.0217316Z [36;1mfrom pathlib import Path[0m
2026-07-22T17:28:43.0218403Z [36;1m[0m
2026-07-22T17:28:43.0220116Z [36;1mworkflow = Path('.github/workflows/apply-freedos-progress-v2.yml').read_text(encoding='utf-8')[0m
2026-07-22T17:28:43.0222938Z [36;1mbegin_marker = '      - name: Add phase and byte progress\n        run: |\n'[0m
2026-07-22T17:28:43.0224999Z [36;1mend_marker = '\n      - name: Commit progress implementation\n'[0m
2026-07-22T17:28:43.0226581Z [36;1mbegin = workflow.find(begin_marker)[0m
2026-07-22T17:28:43.0228136Z [36;1mend = workflow.find(end_marker, begin)[0m
2026-07-22T17:28:43.0229399Z [36;1mif begin < 0 or end < 0:[0m
2026-07-22T17:28:43.0231086Z [36;1m    raise SystemExit(f'could not locate patch shell block: begin={begin} end={end}')[0m
2026-07-22T17:28:43.0233354Z [36;1myaml_block = workflow[begin + len(begin_marker):end][0m
2026-07-22T17:28:43.0234756Z [36;1mlines = [][0m
2026-07-22T17:28:43.0235788Z [36;1mfor line in yaml_block.splitlines():[0m
2026-07-22T17:28:43.0237133Z [36;1m    if line.startswith('          '):[0m
2026-07-22T17:28:43.0238373Z [36;1m        lines.append(line[10:])[0m
2026-07-22T17:28:43.0239531Z [36;1m    elif not line:[0m
2026-07-22T17:28:43.0240558Z [36;1m        lines.append('')[0m
2026-07-22T17:28:43.0241616Z [36;1m    else:[0m
2026-07-22T17:28:43.0243109Z [36;1m        raise SystemExit(f'unexpected original YAML indentation: {line!r}')[0m
2026-07-22T17:28:43.0244792Z [36;1mscript = '\n'.join(lines) + '\n'[0m
2026-07-22T17:28:43.0245922Z [36;1m[0m
2026-07-22T17:28:43.0247001Z [36;1mstart = script.find('"""                text=True,')[0m
2026-07-22T17:28:43.0248369Z [36;1mif start < 0:[0m
2026-07-22T17:28:43.0249883Z [36;1m    raise SystemExit('could not locate first Popen literal in extracted script')[0m
2026-07-22T17:28:43.0252025Z [36;1mnext_file = script.find('"gui/rufusarm64_freedos_dialog.py"', start)[0m
2026-07-22T17:28:43.0254072Z [36;1mnext_replace = script.rfind('replace_once(', start, next_file)[0m
2026-07-22T17:28:43.0255662Z [36;1mif next_file < 0 or next_replace < 0:[0m
2026-07-22T17:28:43.0257847Z [36;1m    raise SystemExit(f'could not locate extracted replacement boundary: file={next_file} replace={next_replace}')[0m
2026-07-22T17:28:43.0259993Z [36;1mreplacement = ([0m
2026-07-22T17:28:43.0261318Z [36;1m    '"                text=True,\\n                start_new_session=True,\\n",\n'[0m
2026-07-22T17:28:43.0263689Z [36;1m    '    "                text=True,\\n                bufsize=1,\\n                start_new_session=True,\\n",\n'[0m
2026-07-22T17:28:43.0265441Z [36;1m    ')\n'[0m
2026-07-22T17:28:43.0266322Z [36;1m)[0m
2026-07-22T17:28:43.0267512Z [36;1mscript = script[:start] + replacement + script[next_replace:][0m
2026-07-22T17:28:43.0269540Z [36;1mPath('/tmp/apply-freedos-progress.sh').write_text(script, encoding='utf-8')[0m
2026-07-22T17:28:43.0271217Z [36;1mPY[0m
2026-07-22T17:28:43.0272193Z [36;1mbash -x /tmp/apply-freedos-progress.sh[0m
2026-07-22T17:28:43.0355054Z shell: /usr/bin/bash -e {0}
2026-07-22T17:28:43.0356109Z ##[endgroup]
2026-07-22T17:28:43.0736942Z + set -euo pipefail
2026-07-22T17:28:43.0739324Z + python3 -
2026-07-22T17:28:43.1017574Z gui/rufusarm64_freedos_dialog.py: replacement anchor count is 0, expected 1
2026-07-22T17:28:43.1019287Z ANCHOR:
2026-07-22T17:28:43.1020136Z             self.process = process
2026-07-22T17:28:43.1021306Z         stdout, stderr = process.communicate()
2026-07-22T17:28:43.1022935Z         returncode = process.returncode
2026-07-22T17:28:43.1024190Z         self.process = None
2026-07-22T17:28:43.1025257Z         for line in stderr.splitlines():
2026-07-22T17:28:43.1026418Z             text = line.strip()
2026-07-22T17:28:43.1027896Z             if text and len(diagnostics) < 64 and diagnostics_size + len(text) <= 32768:
2026-07-22T17:28:43.1029831Z                 diagnostics.append(text)
2026-07-22T17:28:43.1031052Z                 diagnostics_size += len(text)
2026-07-22T17:28:43.1031835Z 
2026-07-22T17:28:43.1071691Z ##[error]Process completed with exit code 1.
2026-07-22T17:28:43.1408064Z Node 20 is being deprecated. This workflow is running with Node 24 by default. If you need to temporarily use Node 20, you can set the ACTIONS_ALLOW_USE_UNSECURE_NODE_VERSION=true environment variable. For more information see: https://github.blog/changelog/2025-09-19-deprecation-of-node-20-on-github-actions-runners/
2026-07-22T17:28:43.1412954Z Post job cleanup.
2026-07-22T17:28:43.2270427Z [command]/usr/bin/git version
2026-07-22T17:28:43.2313936Z git version 2.54.0
2026-07-22T17:28:43.2388210Z Temporarily overriding HOME='/home/runner/work/_temp/777fddd6-a5eb-40cf-8e4e-93c9f3c47afd' before making global git config changes
2026-07-22T17:28:43.2393396Z Adding repository directory to the temporary git global config as a safe directory
2026-07-22T17:28:43.2398238Z [command]/usr/bin/git config --global --add safe.directory /home/runner/work/RufusUbuntuArm64/RufusUbuntuArm64
2026-07-22T17:28:43.2433100Z [command]/usr/bin/git config --local --name-only --get-regexp core\.sshCommand
2026-07-22T17:28:43.2471881Z [command]/usr/bin/git submodule foreach --recursive sh -c "git config --local --name-only --get-regexp 'core\.sshCommand' && git config --local --unset-all 'core.sshCommand' || :"
2026-07-22T17:28:43.2726339Z [command]/usr/bin/git config --local --name-only --get-regexp http\.https\:\/\/github\.com\/\.extraheader
2026-07-22T17:28:43.2752950Z http.https://github.com/.extraheader
2026-07-22T17:28:43.2766828Z [command]/usr/bin/git config --local --unset-all http.https://github.com/.extraheader
2026-07-22T17:28:43.2801914Z [command]/usr/bin/git submodule foreach --recursive sh -c "git config --local --name-only --get-regexp 'http\.https\:\/\/github\.com\/\.extraheader' && git config --local --unset-all 'http.https://github.com/.extraheader' || :"
2026-07-22T17:28:43.3080625Z [command]/usr/bin/git config --local --name-only --get-regexp ^includeIf\.gitdir:
2026-07-22T17:28:43.3136934Z [command]/usr/bin/git submodule foreach --recursive git config --local --show-origin --name-only --get-regexp remote.origin.url
2026-07-22T17:28:43.3567761Z Cleaning up orphan processes
2026-07-22T17:28:43.3801915Z ##[warning]Node.js 20 is deprecated. The following actions target Node.js 20 but are being forced to run on Node.js 24: actions/checkout@34e114876b0b11c390a56381ad16ebd13914f8d5. For more information see: https://github.blog/changelog/2025-09-19-deprecation-of-node-20-on-github-actions-runners/
