2026-07-22T17:12:20.8972798Z [36;1m\tif last[ExecutionPhaseWrite] != plan.DeviceSizeBytes || last[ExecutionPhaseReadback] != plan.DeviceSizeBytes {[0m
2026-07-22T17:12:20.8975828Z [36;1m\t\tt.Fatalf("incomplete full-device progress: write=%d readback=%d want=%d", last[ExecutionPhaseWrite], last[ExecutionPhaseReadback], plan.DeviceSizeBytes)[0m
2026-07-22T17:12:20.8977844Z [36;1m\t}[0m
2026-07-22T17:12:20.8978292Z [36;1m}[0m
2026-07-22T17:12:20.8978717Z [36;1m[0m
2026-07-22T17:12:20.8979915Z [36;1mfunc TestExecuteDevicePlanRejectsBeforeDestructiveWithoutChangedMedia(t *testing.T) {[0m
2026-07-22T17:12:20.8981359Z [36;1m""",[0m
2026-07-22T17:12:20.8981799Z [36;1m)[0m
2026-07-22T17:12:20.8982254Z [36;1mreplace_once([0m
2026-07-22T17:12:20.8982865Z [36;1m    "gui/test_freedos_dialog.py",[0m
2026-07-22T17:12:20.8983916Z [36;1m    "    def test_package_and_polkit_contracts_are_explicit(self):\n",[0m
2026-07-22T17:12:20.8985456Z [36;1m    """    def test_full_device_progress_is_streamed_into_the_dialog(self):[0m
2026-07-22T17:12:20.8986889Z [36;1m        self.assertIn("decode_progress_line", self.dialog_class_source)[0m
2026-07-22T17:12:20.8988358Z [36;1m        self.assertIn("for line in process.stderr", self.dialog_class_source)[0m
2026-07-22T17:12:20.8989830Z [36;1m        self.assertIn("self._progress_ready", self.dialog_class_source)[0m
2026-07-22T17:12:20.8991286Z [36;1m        self.assertIn("progress_summary(progress)", self.dialog_class_source)[0m
2026-07-22T17:12:20.8992820Z [36;1m        self.assertNotIn("process.communicate()", self.dialog_class_source)[0m
2026-07-22T17:12:20.8994187Z [36;1m        self.assertIn("total device I/O", self.logic_source)[0m
2026-07-22T17:12:20.8995092Z [36;1m[0m
2026-07-22T17:12:20.8995918Z [36;1m    def test_package_and_polkit_contracts_are_explicit(self):[0m
2026-07-22T17:12:20.8996876Z [36;1m""",[0m
2026-07-22T17:12:20.8997322Z [36;1m)[0m
2026-07-22T17:12:20.8997746Z [36;1mPY[0m
2026-07-22T17:12:20.8998172Z [36;1m[0m
2026-07-22T17:12:20.8998854Z [36;1mcat > cmd/rufus-freedos-format/progress_test.go <<'EOF'[0m
2026-07-22T17:12:20.8999783Z [36;1m//go:build linux[0m
2026-07-22T17:12:20.9000333Z [36;1m[0m
2026-07-22T17:12:20.9000770Z [36;1mpackage main[0m
2026-07-22T17:12:20.9001285Z [36;1m[0m
2026-07-22T17:12:20.9001717Z [36;1mimport ([0m
2026-07-22T17:12:20.9002215Z [36;1m	"bufio"[0m
2026-07-22T17:12:20.9002693Z [36;1m	"bytes"[0m
2026-07-22T17:12:20.9003190Z [36;1m	"encoding/json"[0m
2026-07-22T17:12:20.9003758Z [36;1m	"strings"[0m
2026-07-22T17:12:20.9004293Z [36;1m	"testing"[0m
2026-07-22T17:12:20.9004790Z [36;1m[0m
2026-07-22T17:12:20.9005552Z [36;1m	"github.com/geocausa/RufusArm64/internal/freedos"[0m
2026-07-22T17:12:20.9006416Z [36;1m)[0m
2026-07-22T17:12:20.9006846Z [36;1m[0m
2026-07-22T17:12:20.9007975Z [36;1mfunc TestFreeDOSProgressEmitterAccountsForWriteAndReadback(t *testing.T) {[0m
2026-07-22T17:12:20.9009293Z [36;1m	var output bytes.Buffer[0m
2026-07-22T17:12:20.9010162Z [36;1m	emitter := newFreeDOSProgressEmitter(&output, 100)[0m
2026-07-22T17:12:20.9011279Z [36;1m	for _, progress := range []freedos.ExecutionProgress{[0m
2026-07-22T17:12:20.9012329Z [36;1m		{Phase: freedos.ExecutionPhasePrepare},[0m
2026-07-22T17:12:20.9013497Z [36;1m		{Phase: freedos.ExecutionPhaseWrite, Processed: 50, Total: 100},[0m
2026-07-22T17:12:20.9014664Z [36;1m		{Phase: freedos.ExecutionPhaseFlush},[0m
2026-07-22T17:12:20.9016002Z [36;1m		{Phase: freedos.ExecutionPhaseReadback, Processed: 50, Total: 100},[0m
2026-07-22T17:12:20.9017276Z [36;1m		{Phase: freedos.ExecutionPhaseFinish},[0m
2026-07-22T17:12:20.9018279Z [36;1m	} {[0m
2026-07-22T17:12:20.9018884Z [36;1m		if err := emitter.Emit(progress); err != nil {[0m
2026-07-22T17:12:20.9019706Z [36;1m			t.Fatal(err)[0m
2026-07-22T17:12:20.9020239Z [36;1m		}[0m
2026-07-22T17:12:20.9020673Z [36;1m	}[0m
2026-07-22T17:12:20.9021208Z [36;1m	var records []freeDOSProgressRecord[0m
2026-07-22T17:12:20.9022056Z [36;1m	scanner := bufio.NewScanner(&output)[0m
2026-07-22T17:12:20.9022825Z [36;1m	for scanner.Scan() {[0m
2026-07-22T17:12:20.9023459Z [36;1m		line := scanner.Text()[0m
2026-07-22T17:12:20.9024327Z [36;1m		if !strings.HasPrefix(line, freeDOSProgressPrefix) {[0m
2026-07-22T17:12:20.9025520Z [36;1m			t.Fatalf("progress line lacks prefix: %q", line)[0m
2026-07-22T17:12:20.9026353Z [36;1m		}[0m
2026-07-22T17:12:20.9026886Z [36;1m		var record freeDOSProgressRecord[0m
2026-07-22T17:12:20.9028382Z [36;1m		if err := json.Unmarshal([]byte(strings.TrimPrefix(line, freeDOSProgressPrefix)), &record); err != nil {[0m
2026-07-22T17:12:20.9029831Z [36;1m			t.Fatal(err)[0m
2026-07-22T17:12:20.9030367Z [36;1m		}[0m
2026-07-22T17:12:20.9030920Z [36;1m		records = append(records, record)[0m
2026-07-22T17:12:20.9031645Z [36;1m	}[0m
2026-07-22T17:12:20.9032153Z [36;1m	if err := scanner.Err(); err != nil {[0m
2026-07-22T17:12:20.9032897Z [36;1m		t.Fatal(err)[0m
2026-07-22T17:12:20.9033478Z [36;1m	}[0m
2026-07-22T17:12:20.9033931Z [36;1m	if len(records) != 5 {[0m
2026-07-22T17:12:20.9034791Z [36;1m		t.Fatalf("records=%d, want 5: %+v", len(records), records)[0m
2026-07-22T17:12:20.9035823Z [36;1m	}[0m
2026-07-22T17:12:20.9036881Z [36;1m	if records[1].OverallDone != 50 || records[3].OverallDone != 150 || records[4].OverallDone != 200 {[0m
2026-07-22T17:12:20.9038482Z [36;1m		t.Fatalf("unexpected full-device accounting: %+v", records)[0m
2026-07-22T17:12:20.9039428Z [36;1m	}[0m
2026-07-22T17:12:20.9039924Z [36;1m	for _, record := range records {[0m
2026-07-22T17:12:20.9041107Z [36;1m		if record.Schema != 1 || record.Type != "progress" || record.OverallTotal != 200 {[0m
2026-07-22T17:12:20.9042451Z [36;1m			t.Fatalf("invalid progress record: %+v", record)[0m
2026-07-22T17:12:20.9043289Z [36;1m		}[0m
2026-07-22T17:12:20.9043724Z [36;1m	}[0m
2026-07-22T17:12:20.9044155Z [36;1m}[0m
2026-07-22T17:12:20.9044587Z [36;1mEOF[0m
2026-07-22T17:12:20.9045021Z [36;1m[0m
2026-07-22T17:12:20.9045685Z [36;1mcat > gui/test_freedos_progress.py <<'EOF'[0m
2026-07-22T17:12:20.9046479Z [36;1mimport json[0m
2026-07-22T17:12:20.9047019Z [36;1mimport pathlib[0m
2026-07-22T17:12:20.9047642Z [36;1mimport sys[0m
2026-07-22T17:12:20.9048219Z [36;1mimport unittest[0m
2026-07-22T17:12:20.9048827Z [36;1m[0m
2026-07-22T17:12:20.9049662Z [36;1msys.path.insert(0, str(pathlib.Path(__file__).resolve().parent))[0m
2026-07-22T17:12:20.9050727Z [36;1m[0m
2026-07-22T17:12:20.9051798Z [36;1mfrom rufusarm64_freedos import PROGRESS_PREFIX, decode_progress_line, progress_summary[0m
2026-07-22T17:12:20.9053073Z [36;1m[0m
2026-07-22T17:12:20.9053485Z [36;1m[0m
2026-07-22T17:12:20.9054095Z [36;1mclass FreeDOSProgressTests(unittest.TestCase):[0m
2026-07-22T17:12:20.9054999Z [36;1m    def record(self, **updates):[0m
2026-07-22T17:12:20.9055803Z [36;1m        value = {[0m
2026-07-22T17:12:20.9056506Z [36;1m            "schema": 1,[0m
2026-07-22T17:12:20.9057180Z [36;1m            "type": "progress",[0m
2026-07-22T17:12:20.9057916Z [36;1m            "phase": "write",[0m
2026-07-22T17:12:20.9058578Z [36;1m            "done": 50,[0m
2026-07-22T17:12:20.9059189Z [36;1m            "total": 100,[0m
2026-07-22T17:12:20.9059841Z [36;1m            "overall_done": 50,[0m
2026-07-22T17:12:20.9060562Z [36;1m            "overall_total": 200,[0m
2026-07-22T17:12:20.9061289Z [36;1m            "elapsed_ms": 1000,[0m
2026-07-22T17:12:20.9062019Z [36;1m            "bytes_per_second": 50,[0m
2026-07-22T17:12:20.9062765Z [36;1m            "eta_seconds": 3,[0m
2026-07-22T17:12:20.9063416Z [36;1m        }[0m
2026-07-22T17:12:20.9064062Z [36;1m        value.update(updates)[0m
2026-07-22T17:12:20.9064751Z [36;1m        return value[0m
2026-07-22T17:12:20.9065433Z [36;1m[0m
2026-07-22T17:12:20.9066156Z [36;1m    def test_decodes_prefixed_progress_and_renders_phase(self):[0m
2026-07-22T17:12:20.9067639Z [36;1m        progress = decode_progress_line(PROGRESS_PREFIX + json.dumps(self.record()))[0m
2026-07-22T17:12:20.9069014Z [36;1m        self.assertEqual(progress["overall_done"], 50)[0m
2026-07-22T17:12:20.9069989Z [36;1m        summary = progress_summary(progress)[0m
2026-07-22T17:12:20.9070972Z [36;1m        self.assertIn("Writing the full device", summary)[0m
2026-07-22T17:12:20.9071928Z [36;1m        self.assertIn("25.0%", summary)[0m
2026-07-22T17:12:20.9072653Z [36;1m[0m
2026-07-22T17:12:20.9073447Z [36;1m    def test_ignores_diagnostics_and_rejects_malformed_progress(self):[0m
2026-07-22T17:12:20.9074859Z [36;1m        self.assertIsNone(decode_progress_line("ordinary diagnostic"))[0m
2026-07-22T17:12:20.9076434Z [36;1m        with self.assertRaisesRegex(ValueError, "malformed progress JSON"):[0m
2026-07-22T17:12:20.9077717Z [36;1m            decode_progress_line(PROGRESS_PREFIX + "{")[0m
2026-07-22T17:12:20.9078798Z [36;1m        with self.assertRaisesRegex(ValueError, "exceeds"):[0m
2026-07-22T17:12:20.9080273Z [36;1m            decode_progress_line(PROGRESS_PREFIX + json.dumps(self.record(overall_done=201)))[0m
2026-07-22T17:12:20.9081515Z [36;1m[0m
2026-07-22T17:12:20.9081923Z [36;1m[0m
2026-07-22T17:12:20.9082366Z [36;1mif __name__ == "__main__":[0m
2026-07-22T17:12:20.9083022Z [36;1m    unittest.main()[0m
2026-07-22T17:12:20.9083599Z [36;1mEOF[0m
2026-07-22T17:12:20.9084033Z [36;1m[0m
2026-07-22T17:12:20.9086491Z [36;1mgofmt -w internal/freedos/executor.go internal/freedos/executor_test.go internal/freedos/stream.go internal/freedos/stream_test.go cmd/rufus-freedos-format/main.go cmd/rufus-freedos-format/progress_test.go[0m
2026-07-22T17:12:20.9090199Z [36;1mpython3 -m py_compile gui/rufusarm64_freedos.py gui/rufusarm64_freedos_dialog.py gui/test_freedos_dialog.py gui/test_freedos_progress.py[0m
2026-07-22T17:12:20.9092226Z [36;1mgo test ./internal/freedos ./cmd/rufus-freedos-format[0m
2026-07-22T17:12:20.9093499Z [36;1mpython3 -m unittest gui.test_freedos_dialog gui.test_freedos_progress[0m
2026-07-22T17:12:20.9175085Z shell: /usr/bin/bash -e {0}
2026-07-22T17:12:20.9176222Z ##[endgroup]
2026-07-22T17:12:20.9550056Z gui/rufusarm64_freedos_dialog.py: replacement anchor count is 0, expected 1
2026-07-22T17:12:20.9552025Z ANCHOR:
2026-07-22T17:12:20.9552743Z                 text=True,
2026-07-22T17:12:20.9577848Z             start_new_session=True,
2026-07-22T17:12:20.9578993Z         )
2026-07-22T17:12:20.9579439Z 
2026-07-22T17:12:20.9607360Z ##[error]Process completed with exit code 1.
2026-07-22T17:12:20.9823808Z Node 20 is being deprecated. This workflow is running with Node 24 by default. If you need to temporarily use Node 20, you can set the ACTIONS_ALLOW_USE_UNSECURE_NODE_VERSION=true environment variable. For more information see: https://github.blog/changelog/2025-09-19-deprecation-of-node-20-on-github-actions-runners/
2026-07-22T17:12:20.9828341Z Post job cleanup.
2026-07-22T17:12:21.0645972Z [command]/usr/bin/git version
2026-07-22T17:12:21.0686982Z git version 2.54.0
2026-07-22T17:12:21.0729307Z Temporarily overriding HOME='/home/runner/work/_temp/d6d2c5c6-3acf-46a6-a0a7-524a06fe9842' before making global git config changes
2026-07-22T17:12:21.0733816Z Adding repository directory to the temporary git global config as a safe directory
2026-07-22T17:12:21.0738006Z [command]/usr/bin/git config --global --add safe.directory /home/runner/work/RufusUbuntuArm64/RufusUbuntuArm64
2026-07-22T17:12:21.0781225Z [command]/usr/bin/git config --local --name-only --get-regexp core\.sshCommand
2026-07-22T17:12:21.0819611Z [command]/usr/bin/git submodule foreach --recursive sh -c "git config --local --name-only --get-regexp 'core\.sshCommand' && git config --local --unset-all 'core.sshCommand' || :"
2026-07-22T17:12:21.1064681Z [command]/usr/bin/git config --local --name-only --get-regexp http\.https\:\/\/github\.com\/\.extraheader
2026-07-22T17:12:21.1093403Z http.https://github.com/.extraheader
2026-07-22T17:12:21.1106425Z [command]/usr/bin/git config --local --unset-all http.https://github.com/.extraheader
2026-07-22T17:12:21.1148854Z [command]/usr/bin/git submodule foreach --recursive sh -c "git config --local --name-only --get-regexp 'http\.https\:\/\/github\.com\/\.extraheader' && git config --local --unset-all 'http.https://github.com/.extraheader' || :"
2026-07-22T17:12:21.1402065Z [command]/usr/bin/git config --local --name-only --get-regexp ^includeIf\.gitdir:
2026-07-22T17:12:21.1438997Z [command]/usr/bin/git submodule foreach --recursive git config --local --show-origin --name-only --get-regexp remote.origin.url
2026-07-22T17:12:21.1830027Z Cleaning up orphan processes
2026-07-22T17:12:21.2119074Z ##[warning]Node.js 20 is deprecated. The following actions target Node.js 20 but are being forced to run on Node.js 24: actions/checkout@34e114876b0b11c390a56381ad16ebd13914f8d5. For more information see: https://github.blog/changelog/2025-09-19-deprecation-of-node-20-on-github-actions-runners/
