2026-07-22T17:16:28.9526523Z  * [new branch]      release/0.11-tag-publication -> origin/release/0.11-tag-publication
2026-07-22T17:16:28.9528794Z  * [new branch]      release/0.11.0          -> origin/release/0.11.0
2026-07-22T17:16:28.9531402Z  * [new branch]      release/0.12.0          -> origin/release/0.12.0
2026-07-22T17:16:28.9534068Z  * [new branch]      release/0.13.0-rc       -> origin/release/0.13.0-rc
2026-07-22T17:16:28.9537008Z  * [new branch]      release/0.9.0-rc1       -> origin/release/0.9.0-rc1
2026-07-22T17:16:28.9540393Z  * [new branch]      rewrite/freedos-device-plan-clean -> origin/rewrite/freedos-device-plan-clean
2026-07-22T17:16:28.9544196Z  * [new branch]      rewrite/freedos-executor-clean -> origin/rewrite/freedos-executor-clean
2026-07-22T17:16:28.9547969Z  * [new branch]      rewrite/freedos-streaming-clean -> origin/rewrite/freedos-streaming-clean
2026-07-22T17:16:28.9550051Z  * [new branch]      stage2/0.13.0           -> origin/stage2/0.13.0
2026-07-22T17:16:28.9551910Z  * [new branch]      stage2/freedos-feasibility -> origin/stage2/freedos-feasibility
2026-07-22T17:16:28.9553811Z  * [new branch]      verify-dbx-0.8          -> origin/verify-dbx-0.8
2026-07-22T17:16:28.9555909Z  * [new tag]         RufusUbuntuArm64        -> RufusUbuntuArm64
2026-07-22T17:16:28.9557908Z  * [new tag]         v0.11.0                 -> v0.11.0
2026-07-22T17:16:28.9559227Z  * [new tag]         v0.12.0                 -> v0.12.0
2026-07-22T17:16:28.9560525Z  * [new tag]         v0.12.1                 -> v0.12.1
2026-07-22T17:16:28.9562190Z  * [new tag]         v0.13.0-pr221-test      -> v0.13.0-pr221-test
2026-07-22T17:16:28.9563762Z  * [new tag]         v0.13.0-pr225-test      -> v0.13.0-pr225-test
2026-07-22T17:16:28.9565552Z  * [new tag]         v0.13.0-pr229-test      -> v0.13.0-pr229-test
2026-07-22T17:16:28.9567125Z  * [new tag]         v0.13.0-pr232-test      -> v0.13.0-pr232-test
2026-07-22T17:16:28.9570511Z [command]/usr/bin/git branch --list --remote origin/fix/freedos-progress
2026-07-22T17:16:28.9572081Z   origin/fix/freedos-progress
2026-07-22T17:16:28.9574997Z [command]/usr/bin/git rev-parse refs/remotes/origin/fix/freedos-progress
2026-07-22T17:16:28.9576734Z 0ad06d82a4517db72e7bc39dd16fd391b1f72c98
2026-07-22T17:16:28.9579546Z ##[endgroup]
2026-07-22T17:16:28.9581015Z ##[group]Determining the checkout info
2026-07-22T17:16:28.9582755Z ##[endgroup]
2026-07-22T17:16:28.9583745Z [command]/usr/bin/git sparse-checkout disable
2026-07-22T17:16:28.9586711Z [command]/usr/bin/git config --local --unset-all extensions.worktreeConfig
2026-07-22T17:16:28.9589971Z ##[group]Checking out the ref
2026-07-22T17:16:28.9591958Z [command]/usr/bin/git checkout --progress --force -B fix/freedos-progress refs/remotes/origin/fix/freedos-progress
2026-07-22T17:16:29.0033748Z Switched to a new branch 'fix/freedos-progress'
2026-07-22T17:16:29.0037323Z branch 'fix/freedos-progress' set up to track 'origin/fix/freedos-progress'.
2026-07-22T17:16:29.0046166Z ##[endgroup]
2026-07-22T17:16:29.0098242Z [command]/usr/bin/git log -1 --format=%H
2026-07-22T17:16:29.0131052Z 0ad06d82a4517db72e7bc39dd16fd391b1f72c98
2026-07-22T17:16:29.0387337Z ##[group]Run set -euo pipefail
2026-07-22T17:16:29.0388630Z [36;1mset -euo pipefail[0m
2026-07-22T17:16:29.0389687Z [36;1mpython3 - <<'PY'[0m
2026-07-22T17:16:29.0390742Z [36;1mfrom pathlib import Path[0m
2026-07-22T17:16:29.0391836Z [36;1m[0m
2026-07-22T17:16:29.0393112Z [36;1mpath = Path('.github/workflows/apply-freedos-progress-v2.yml')[0m
2026-07-22T17:16:29.0394775Z [36;1mtext = path.read_text(encoding='utf-8')[0m
2026-07-22T17:16:29.0396347Z [36;1mold = '''              """                text=True,[0m
2026-07-22T17:16:29.0397698Z [36;1m            start_new_session=True,[0m
2026-07-22T17:16:29.0398856Z [36;1m        )[0m
2026-07-22T17:16:29.0399743Z [36;1m""",[0m
2026-07-22T17:16:29.0400890Z [36;1m    """                text=True,[0m
2026-07-22T17:16:29.0402060Z [36;1m            bufsize=1,[0m
2026-07-22T17:16:29.0403187Z [36;1m            start_new_session=True,[0m
2026-07-22T17:16:29.0404347Z [36;1m        )[0m
2026-07-22T17:16:29.0405405Z [36;1m""",[0m
2026-07-22T17:16:29.0406266Z [36;1m'''[0m
2026-07-22T17:16:29.0407560Z [36;1mnew = '''              "                text=True,\\n                start_new_session=True,\\n",[0m
2026-07-22T17:16:29.0409636Z [36;1m    "                text=True,\\n                bufsize=1,\\n                start_new_session=True,\\n",[0m
2026-07-22T17:16:29.0411704Z [36;1m'''[0m
2026-07-22T17:16:29.0412620Z [36;1mif text.count(old) != 1:[0m
2026-07-22T17:16:29.0414269Z [36;1m    raise SystemExit(f'workflow Popen anchor count={text.count(old)}, expected 1')[0m
2026-07-22T17:16:29.0416448Z [36;1mpath.write_text(text.replace(old, new, 1), encoding='utf-8')[0m
2026-07-22T17:16:29.0417891Z [36;1mPY[0m
2026-07-22T17:16:29.0472133Z shell: /usr/bin/bash -e {0}
2026-07-22T17:16:29.0473238Z ##[endgroup]
2026-07-22T17:16:29.0806428Z workflow Popen anchor count=0, expected 1
2026-07-22T17:16:29.0863683Z ##[error]Process completed with exit code 1.
2026-07-22T17:16:29.1199312Z Node 20 is being deprecated. This workflow is running with Node 24 by default. If you need to temporarily use Node 20, you can set the ACTIONS_ALLOW_USE_UNSECURE_NODE_VERSION=true environment variable. For more information see: https://github.blog/changelog/2025-09-19-deprecation-of-node-20-on-github-actions-runners/
2026-07-22T17:16:29.1204757Z Post job cleanup.
2026-07-22T17:16:29.2067674Z [command]/usr/bin/git version
2026-07-22T17:16:29.2109942Z git version 2.54.0
2026-07-22T17:16:29.2149969Z Temporarily overriding HOME='/home/runner/work/_temp/ee0b4ac9-8f6a-4b9e-bf7c-3f404626afdd' before making global git config changes
2026-07-22T17:16:29.2154472Z Adding repository directory to the temporary git global config as a safe directory
2026-07-22T17:16:29.2161097Z [command]/usr/bin/git config --global --add safe.directory /home/runner/work/RufusUbuntuArm64/RufusUbuntuArm64
2026-07-22T17:16:29.2205673Z [command]/usr/bin/git config --local --name-only --get-regexp core\.sshCommand
2026-07-22T17:16:29.2245483Z [command]/usr/bin/git submodule foreach --recursive sh -c "git config --local --name-only --get-regexp 'core\.sshCommand' && git config --local --unset-all 'core.sshCommand' || :"
2026-07-22T17:16:29.2528076Z [command]/usr/bin/git config --local --name-only --get-regexp http\.https\:\/\/github\.com\/\.extraheader
2026-07-22T17:16:29.2558959Z http.https://github.com/.extraheader
2026-07-22T17:16:29.2570223Z [command]/usr/bin/git config --local --unset-all http.https://github.com/.extraheader
2026-07-22T17:16:29.2609424Z [command]/usr/bin/git submodule foreach --recursive sh -c "git config --local --name-only --get-regexp 'http\.https\:\/\/github\.com\/\.extraheader' && git config --local --unset-all 'http.https://github.com/.extraheader' || :"
2026-07-22T17:16:29.2888724Z [command]/usr/bin/git config --local --name-only --get-regexp ^includeIf\.gitdir:
2026-07-22T17:16:29.2963072Z [command]/usr/bin/git submodule foreach --recursive git config --local --show-origin --name-only --get-regexp remote.origin.url
2026-07-22T17:16:29.3395771Z Cleaning up orphan processes
2026-07-22T17:16:29.3787856Z ##[warning]Node.js 20 is deprecated. The following actions target Node.js 20 but are being forced to run on Node.js 24: actions/checkout@34e114876b0b11c390a56381ad16ebd13914f8d5. For more information see: https://github.blog/changelog/2025-09-19-deprecation-of-node-20-on-github-actions-runners/
