2026-07-22T17:21:03.5179393Z  * [new branch]      fix/wim-metadata-utf16  -> origin/fix/wim-metadata-utf16
2026-07-22T17:21:03.5180572Z  * [new branch]      hotfix/0.10.6-persistence-no-automount -> origin/hotfix/0.10.6-persistence-no-automount
2026-07-22T17:21:03.5181738Z  * [new branch]      hotfix/0.12.1-gtk-launch -> origin/hotfix/0.12.1-gtk-launch
2026-07-22T17:21:03.5182826Z  * [new branch]      import-v0.4.0           -> origin/import-v0.4.0
2026-07-22T17:21:03.5183747Z  * [new branch]      import-v0.5.0           -> origin/import-v0.5.0
2026-07-22T17:21:03.5184638Z  * [new branch]      import-v0.5.0-source    -> origin/import-v0.5.0-source
2026-07-22T17:21:03.5185468Z  * [new branch]      main                    -> origin/main
2026-07-22T17:21:03.5186424Z  * [new branch]      ops/publish-pr221-test-release -> origin/ops/publish-pr221-test-release
2026-07-22T17:21:03.5187577Z  * [new branch]      ops/publish-pr232-prerelease -> origin/ops/publish-pr232-prerelease
2026-07-22T17:21:03.5188687Z  * [new branch]      ops/refresh-prerelease-pr225 -> origin/ops/refresh-prerelease-pr225
2026-07-22T17:21:03.5189669Z  * [new branch]      recovery/0.8.0          -> origin/recovery/0.8.0
2026-07-22T17:21:03.5190738Z  * [new branch]      recovery/import-0.8.0   -> origin/recovery/import-0.8.0
2026-07-22T17:21:03.5191678Z  * [new branch]      release-v0.4.0-import   -> origin/release-v0.4.0-import
2026-07-22T17:21:03.5192907Z  * [new branch]      release/0.11-tag-publication -> origin/release/0.11-tag-publication
2026-07-22T17:21:03.5232993Z  * [new branch]      release/0.11.0          -> origin/release/0.11.0
2026-07-22T17:21:03.5233981Z  * [new branch]      release/0.12.0          -> origin/release/0.12.0
2026-07-22T17:21:03.5234870Z  * [new branch]      release/0.13.0-rc       -> origin/release/0.13.0-rc
2026-07-22T17:21:03.5235758Z  * [new branch]      release/0.9.0-rc1       -> origin/release/0.9.0-rc1
2026-07-22T17:21:03.5236881Z  * [new branch]      rewrite/freedos-device-plan-clean -> origin/rewrite/freedos-device-plan-clean
2026-07-22T17:21:03.5238144Z  * [new branch]      rewrite/freedos-executor-clean -> origin/rewrite/freedos-executor-clean
2026-07-22T17:21:03.5239350Z  * [new branch]      rewrite/freedos-streaming-clean -> origin/rewrite/freedos-streaming-clean
2026-07-22T17:21:03.5240518Z  * [new branch]      stage2/0.13.0           -> origin/stage2/0.13.0
2026-07-22T17:21:03.5241525Z  * [new branch]      stage2/freedos-feasibility -> origin/stage2/freedos-feasibility
2026-07-22T17:21:03.5242645Z  * [new branch]      verify-dbx-0.8          -> origin/verify-dbx-0.8
2026-07-22T17:21:03.5243500Z  * [new tag]         RufusUbuntuArm64        -> RufusUbuntuArm64
2026-07-22T17:21:03.5244247Z  * [new tag]         v0.11.0                 -> v0.11.0
2026-07-22T17:21:03.5244936Z  * [new tag]         v0.12.0                 -> v0.12.0
2026-07-22T17:21:03.5245614Z  * [new tag]         v0.12.1                 -> v0.12.1
2026-07-22T17:21:03.5246560Z  * [new tag]         v0.13.0-pr221-test      -> v0.13.0-pr221-test
2026-07-22T17:21:03.5247363Z  * [new tag]         v0.13.0-pr225-test      -> v0.13.0-pr225-test
2026-07-22T17:21:03.5248272Z  * [new tag]         v0.13.0-pr229-test      -> v0.13.0-pr229-test
2026-07-22T17:21:03.5249141Z  * [new tag]         v0.13.0-pr232-test      -> v0.13.0-pr232-test
2026-07-22T17:21:03.5294011Z [command]/usr/bin/git branch --list --remote origin/fix/freedos-progress
2026-07-22T17:21:03.5322790Z   origin/fix/freedos-progress
2026-07-22T17:21:03.5336373Z [command]/usr/bin/git rev-parse refs/remotes/origin/fix/freedos-progress
2026-07-22T17:21:03.5368615Z aff472e72fcacdebcaf7953ef724eaa39a988d6c
2026-07-22T17:21:03.5375680Z ##[endgroup]
2026-07-22T17:21:03.5377435Z ##[group]Determining the checkout info
2026-07-22T17:21:03.5379474Z ##[endgroup]
2026-07-22T17:21:03.5384881Z [command]/usr/bin/git sparse-checkout disable
2026-07-22T17:21:03.5442941Z [command]/usr/bin/git config --local --unset-all extensions.worktreeConfig
2026-07-22T17:21:03.5494137Z ##[group]Checking out the ref
2026-07-22T17:21:03.5498431Z [command]/usr/bin/git checkout --progress --force -B fix/freedos-progress refs/remotes/origin/fix/freedos-progress
2026-07-22T17:21:03.5994469Z Switched to a new branch 'fix/freedos-progress'
2026-07-22T17:21:03.5996173Z branch 'fix/freedos-progress' set up to track 'origin/fix/freedos-progress'.
2026-07-22T17:21:03.6006805Z ##[endgroup]
2026-07-22T17:21:03.6058059Z [command]/usr/bin/git log -1 --format=%H
2026-07-22T17:21:03.6090757Z aff472e72fcacdebcaf7953ef724eaa39a988d6c
2026-07-22T17:21:03.6330681Z ##[group]Run set -euo pipefail
2026-07-22T17:21:03.6331593Z [36;1mset -euo pipefail[0m
2026-07-22T17:21:03.6332322Z [36;1mpython3 - <<'PY'[0m
2026-07-22T17:21:03.6333324Z [36;1mfrom pathlib import Path[0m
2026-07-22T17:21:03.6334553Z [36;1mpath = Path('.github/workflows/apply-freedos-progress-v2.yml')[0m
2026-07-22T17:21:03.6335908Z [36;1mtext = path.read_text(encoding='utf-8')[0m
2026-07-22T17:21:03.6337035Z [36;1mstart = text.find('"""                text=True,')[0m
2026-07-22T17:21:03.6338057Z [36;1mif start < 0:[0m
2026-07-22T17:21:03.6338990Z [36;1m    raise SystemExit('could not locate first Popen literal')[0m
2026-07-22T17:21:03.6340539Z [36;1mnext_file = text.find('"gui/rufusarm64_freedos_dialog.py"', start)[0m
2026-07-22T17:21:03.6342357Z [36;1mnext_replace = text.rfind('replace_once(', start, next_file)[0m
2026-07-22T17:21:03.6343754Z [36;1mif next_file < 0 or next_replace < 0:[0m
2026-07-22T17:21:03.6345665Z [36;1m    raise SystemExit(f'could not locate replacement boundary: file={next_file} replace={next_replace}')[0m
2026-07-22T17:21:03.6348018Z [36;1mreplacement = '''"                text=True,\\n                start_new_session=True,\\n",[0m
2026-07-22T17:21:03.6349854Z [36;1m    "                text=True,\\n                bufsize=1,\\n                start_new_session=True,\\n",[0m
2026-07-22T17:21:03.6351167Z [36;1m)[0m
2026-07-22T17:21:03.6351647Z [36;1m'''[0m
2026-07-22T17:21:03.6352867Z [36;1mpath.write_text(text[:start] + replacement + text[next_replace:], encoding='utf-8')[0m
2026-07-22T17:21:03.6354305Z [36;1mPY[0m
2026-07-22T17:21:03.6354941Z [36;1mgit config user.name "github-actions[bot]"[0m
2026-07-22T17:21:03.6356409Z [36;1mgit config user.email "41898282+github-actions[bot]@users.noreply.github.com"[0m
2026-07-22T17:21:03.6358091Z [36;1mgit add .github/workflows/apply-freedos-progress-v2.yml[0m
2026-07-22T17:21:03.6359494Z [36;1mgit rm .github/workflows/repair-freedos-progress-v2d.yml[0m
2026-07-22T17:21:03.6360952Z [36;1mgit commit -m "Repair FreeDOS progress workflow replacement"[0m
2026-07-22T17:21:03.6362296Z [36;1mgit push origin HEAD:fix/freedos-progress[0m
2026-07-22T17:21:03.6451519Z shell: /usr/bin/bash -e {0}
2026-07-22T17:21:03.6452251Z ##[endgroup]
2026-07-22T17:21:03.7341538Z rm '.github/workflows/repair-freedos-progress-v2d.yml'
2026-07-22T17:21:03.7620545Z [fix/freedos-progress 9153b62] Repair FreeDOS progress workflow replacement
2026-07-22T17:21:03.7623120Z  2 files changed, 4 insertions(+), 56 deletions(-)
2026-07-22T17:21:03.7624712Z  delete mode 100644 .github/workflows/repair-freedos-progress-v2d.yml
2026-07-22T17:21:04.5379448Z To https://github.com/geocausa/RufusUbuntuArm64
2026-07-22T17:21:04.5381793Z  ! [remote rejected] HEAD -> fix/freedos-progress (refusing to allow a GitHub App to create or update workflow `.github/workflows/apply-freedos-progress-v2.yml` without `workflows` permission)
2026-07-22T17:21:04.5384310Z error: failed to push some refs to 'https://github.com/geocausa/RufusUbuntuArm64'
2026-07-22T17:21:04.5408274Z ##[error]Process completed with exit code 1.
2026-07-22T17:21:04.5682375Z Node 20 is being deprecated. This workflow is running with Node 24 by default. If you need to temporarily use Node 20, you can set the ACTIONS_ALLOW_USE_UNSECURE_NODE_VERSION=true environment variable. For more information see: https://github.blog/changelog/2025-09-19-deprecation-of-node-20-on-github-actions-runners/
2026-07-22T17:21:04.5685433Z Post job cleanup.
2026-07-22T17:21:04.6569289Z [command]/usr/bin/git version
2026-07-22T17:21:04.6614175Z git version 2.54.0
2026-07-22T17:21:04.6655467Z Temporarily overriding HOME='/home/runner/work/_temp/1e00b71b-1e65-42ac-8e88-db86bc541fb6' before making global git config changes
2026-07-22T17:21:04.6658214Z Adding repository directory to the temporary git global config as a safe directory
2026-07-22T17:21:04.6661470Z [command]/usr/bin/git config --global --add safe.directory /home/runner/work/RufusUbuntuArm64/RufusUbuntuArm64
2026-07-22T17:21:04.6711332Z [command]/usr/bin/git config --local --name-only --get-regexp core\.sshCommand
2026-07-22T17:21:04.6753584Z [command]/usr/bin/git submodule foreach --recursive sh -c "git config --local --name-only --get-regexp 'core\.sshCommand' && git config --local --unset-all 'core.sshCommand' || :"
2026-07-22T17:21:04.7063928Z [command]/usr/bin/git config --local --name-only --get-regexp http\.https\:\/\/github\.com\/\.extraheader
2026-07-22T17:21:04.7122087Z http.https://github.com/.extraheader
2026-07-22T17:21:04.7134017Z [command]/usr/bin/git config --local --unset-all http.https://github.com/.extraheader
2026-07-22T17:21:04.7176293Z [command]/usr/bin/git submodule foreach --recursive sh -c "git config --local --name-only --get-regexp 'http\.https\:\/\/github\.com\/\.extraheader' && git config --local --unset-all 'http.https://github.com/.extraheader' || :"
2026-07-22T17:21:04.7475837Z [command]/usr/bin/git config --local --name-only --get-regexp ^includeIf\.gitdir:
2026-07-22T17:21:04.7516928Z [command]/usr/bin/git submodule foreach --recursive git config --local --show-origin --name-only --get-regexp remote.origin.url
2026-07-22T17:21:04.7934039Z Cleaning up orphan processes
2026-07-22T17:21:04.8218629Z ##[warning]Node.js 20 is deprecated. The following actions target Node.js 20 but are being forced to run on Node.js 24: actions/checkout@34e114876b0b11c390a56381ad16ebd13914f8d5. For more information see: https://github.blog/changelog/2025-09-19-deprecation-of-node-20-on-github-actions-runners/
