2026-07-22T17:23:46.7174308Z  * [new branch]      feature/freedos-payload-provenance -> origin/feature/freedos-payload-provenance
2026-07-22T17:23:46.7178173Z  * [new branch]      feature/freedos-release-maintenance -> origin/feature/freedos-release-maintenance
2026-07-22T17:23:46.7181706Z  * [new branch]      feature/freedos-streaming-image -> origin/feature/freedos-streaming-image
2026-07-22T17:23:46.7184659Z  * [new branch]      feature/gtk-accessibility -> origin/feature/gtk-accessibility
2026-07-22T17:23:46.7187569Z  * [new branch]      feature/gtk-drive-image-backup -> origin/feature/gtk-drive-image-backup
2026-07-22T17:23:46.7191136Z  * [new branch]      feature/gtk-drive-image-backup-clean -> origin/feature/gtk-drive-image-backup-clean
2026-07-22T17:23:46.7194720Z  * [new branch]      feature/linux-compatibility-report -> origin/feature/linux-compatibility-report
2026-07-22T17:23:46.7197967Z  * [new branch]      feature/nonbootable-executor -> origin/feature/nonbootable-executor
2026-07-22T17:23:46.7200985Z  * [new branch]      feature/nonbootable-gtk -> origin/feature/nonbootable-gtk
2026-07-22T17:23:46.7203563Z  * [new branch]      feature/nonbootable-plan -> origin/feature/nonbootable-plan
2026-07-22T17:23:46.7206872Z  * [new branch]      feature/persistence-guided-flow -> origin/feature/persistence-guided-flow
2026-07-22T17:23:46.7210279Z  * [new branch]      feature/persistence-wizard -> origin/feature/persistence-wizard
2026-07-22T17:23:46.7213209Z  * [new branch]      feature/post-operation-reuse -> origin/feature/post-operation-reuse
2026-07-22T17:23:46.7216628Z  * [new branch]      feature/release-published-contract -> origin/feature/release-published-contract
2026-07-22T17:23:46.7220144Z  * [new branch]      feature/uefi-runtime-validation -> origin/feature/uefi-runtime-validation
2026-07-22T17:23:46.7223538Z  * [new branch]      feature/unified-persistence-ui -> origin/feature/unified-persistence-ui
2026-07-22T17:23:46.7226302Z  * [new branch]      feature/usb-check-ui    -> origin/feature/usb-check-ui
2026-07-22T17:23:46.7228779Z  * [new branch]      feature/usb-check-ui-clean -> origin/feature/usb-check-ui-clean
2026-07-22T17:23:46.7231951Z  * [new branch]      feature/verified-acquisition-gui -> origin/feature/verified-acquisition-gui
2026-07-22T17:23:46.7235382Z  * [new branch]      feature/windows-option-eligibility -> origin/feature/windows-option-eligibility
2026-07-22T17:23:46.7238673Z  * [new branch]      feature/windows-payload-report -> origin/feature/windows-payload-report
2026-07-22T17:23:46.7241475Z  * [new branch]      fetch-uefi-assets       -> origin/fetch-uefi-assets
2026-07-22T17:23:46.7244086Z  * [new branch]      fix/0.11-canonical-tag-lookup -> origin/fix/0.11-canonical-tag-lookup
2026-07-22T17:23:46.7246770Z  * [new branch]      fix/0.11-main-push-gates -> origin/fix/0.11-main-push-gates
2026-07-22T17:23:46.7250218Z  * [new branch]      fix/0.11-release-runtime-integrity -> origin/fix/0.11-release-runtime-integrity
2026-07-22T17:23:46.7253426Z  * [new branch]      fix/0.11-tag-404-detection -> origin/fix/0.11-tag-404-detection
2026-07-22T17:23:46.7255914Z  * [new branch]      fix/freedos-progress    -> origin/fix/freedos-progress
2026-07-22T17:23:46.7258550Z  * [new branch]      fix/gui-dialog-bounded-height -> origin/fix/gui-dialog-bounded-height
2026-07-22T17:23:46.7261924Z  * [new branch]      fix/nonbootable-dialog-height -> origin/fix/nonbootable-dialog-height
2026-07-22T17:23:46.7264826Z  * [new branch]      fix/nonbootable-sector-plan -> origin/fix/nonbootable-sector-plan
2026-07-22T17:23:46.7267739Z  * [new branch]      fix/nonbootable-sector-plan-2 -> origin/fix/nonbootable-sector-plan-2
2026-07-22T17:23:46.7270903Z  * [new branch]      fix/nonbootable-sector-plan-3 -> origin/fix/nonbootable-sector-plan-3
2026-07-22T17:23:46.7274032Z  * [new branch]      fix/persistence-formatter-reopen -> origin/fix/persistence-formatter-reopen
2026-07-22T17:23:46.7277104Z  * [new branch]      fix/pr225-hardware-followups -> origin/fix/pr225-hardware-followups
2026-07-22T17:23:46.7279852Z  * [new branch]      fix/wim-metadata-utf16  -> origin/fix/wim-metadata-utf16
2026-07-22T17:23:46.7283067Z  * [new branch]      hotfix/0.10.6-persistence-no-automount -> origin/hotfix/0.10.6-persistence-no-automount
2026-07-22T17:23:46.7286176Z  * [new branch]      hotfix/0.12.1-gtk-launch -> origin/hotfix/0.12.1-gtk-launch
2026-07-22T17:23:46.7288467Z  * [new branch]      import-v0.4.0           -> origin/import-v0.4.0
2026-07-22T17:23:46.7290689Z  * [new branch]      import-v0.5.0           -> origin/import-v0.5.0
2026-07-22T17:23:46.7292811Z  * [new branch]      import-v0.5.0-source    -> origin/import-v0.5.0-source
2026-07-22T17:23:46.7294796Z  * [new branch]      main                    -> origin/main
2026-07-22T17:23:46.7297158Z  * [new branch]      ops/publish-pr221-test-release -> origin/ops/publish-pr221-test-release
2026-07-22T17:23:46.7300373Z  * [new branch]      ops/publish-pr232-prerelease -> origin/ops/publish-pr232-prerelease
2026-07-22T17:23:46.7303467Z  * [new branch]      ops/refresh-prerelease-pr225 -> origin/ops/refresh-prerelease-pr225
2026-07-22T17:23:46.7306159Z  * [new branch]      recovery/0.8.0          -> origin/recovery/0.8.0
2026-07-22T17:23:46.7309018Z  * [new branch]      recovery/import-0.8.0   -> origin/recovery/import-0.8.0
2026-07-22T17:23:46.7311836Z  * [new branch]      release-v0.4.0-import   -> origin/release-v0.4.0-import
2026-07-22T17:23:46.7314292Z  * [new branch]      release/0.11-tag-publication -> origin/release/0.11-tag-publication
2026-07-22T17:23:46.7316608Z  * [new branch]      release/0.11.0          -> origin/release/0.11.0
2026-07-22T17:23:46.7318542Z  * [new branch]      release/0.12.0          -> origin/release/0.12.0
2026-07-22T17:23:46.7322133Z  * [new branch]      release/0.13.0-rc       -> origin/release/0.13.0-rc
2026-07-22T17:23:46.7324669Z  * [new branch]      release/0.9.0-rc1       -> origin/release/0.9.0-rc1
2026-07-22T17:23:46.7327931Z  * [new branch]      rewrite/freedos-device-plan-clean -> origin/rewrite/freedos-device-plan-clean
2026-07-22T17:23:46.7331481Z  * [new branch]      rewrite/freedos-executor-clean -> origin/rewrite/freedos-executor-clean
2026-07-22T17:23:46.7334888Z  * [new branch]      rewrite/freedos-streaming-clean -> origin/rewrite/freedos-streaming-clean
2026-07-22T17:23:46.7336707Z  * [new branch]      stage2/0.13.0           -> origin/stage2/0.13.0
2026-07-22T17:23:46.7339064Z  * [new branch]      stage2/freedos-feasibility -> origin/stage2/freedos-feasibility
2026-07-22T17:23:46.7341732Z  * [new branch]      verify-dbx-0.8          -> origin/verify-dbx-0.8
2026-07-22T17:23:46.7343386Z  * [new tag]         RufusUbuntuArm64        -> RufusUbuntuArm64
2026-07-22T17:23:46.7344558Z  * [new tag]         v0.11.0                 -> v0.11.0
2026-07-22T17:23:46.7345573Z  * [new tag]         v0.12.0                 -> v0.12.0
2026-07-22T17:23:46.7346974Z  * [new tag]         v0.12.1                 -> v0.12.1
2026-07-22T17:23:46.7348447Z  * [new tag]         v0.13.0-pr221-test      -> v0.13.0-pr221-test
2026-07-22T17:23:46.7349910Z  * [new tag]         v0.13.0-pr225-test      -> v0.13.0-pr225-test
2026-07-22T17:23:46.7351469Z  * [new tag]         v0.13.0-pr229-test      -> v0.13.0-pr229-test
2026-07-22T17:23:46.7352829Z  * [new tag]         v0.13.0-pr232-test      -> v0.13.0-pr232-test
2026-07-22T17:23:46.7355564Z [command]/usr/bin/git branch --list --remote origin/fix/freedos-progress
2026-07-22T17:23:46.7356861Z   origin/fix/freedos-progress
2026-07-22T17:23:46.7359076Z [command]/usr/bin/git rev-parse refs/remotes/origin/fix/freedos-progress
2026-07-22T17:23:46.7360610Z b16c0981571fead8404b2506b7ab03221b5b6223
2026-07-22T17:23:46.7362693Z ##[endgroup]
2026-07-22T17:23:46.7363715Z ##[group]Determining the checkout info
2026-07-22T17:23:46.7364933Z ##[endgroup]
2026-07-22T17:23:46.7365581Z [command]/usr/bin/git sparse-checkout disable
2026-07-22T17:23:46.7367752Z [command]/usr/bin/git config --local --unset-all extensions.worktreeConfig
2026-07-22T17:23:46.7370472Z ##[group]Checking out the ref
2026-07-22T17:23:46.7372125Z [command]/usr/bin/git checkout --progress --force -B fix/freedos-progress refs/remotes/origin/fix/freedos-progress
2026-07-22T17:23:46.7841214Z Switched to a new branch 'fix/freedos-progress'
2026-07-22T17:23:46.7843382Z branch 'fix/freedos-progress' set up to track 'origin/fix/freedos-progress'.
2026-07-22T17:23:46.7852046Z ##[endgroup]
2026-07-22T17:23:46.7903487Z [command]/usr/bin/git log -1 --format=%H
2026-07-22T17:23:46.7936873Z b16c0981571fead8404b2506b7ab03221b5b6223
2026-07-22T17:23:46.8164434Z ##[group]Run set -euo pipefail
2026-07-22T17:23:46.8165393Z [36;1mset -euo pipefail[0m
2026-07-22T17:23:46.8166126Z [36;1mpython3 - <<'PY'[0m
2026-07-22T17:23:46.8166859Z [36;1mfrom pathlib import Path[0m
2026-07-22T17:23:46.8167632Z [36;1m[0m
2026-07-22T17:23:46.8169039Z [36;1mworkflow = Path('.github/workflows/apply-freedos-progress-v2.yml').read_text(encoding='utf-8')[0m
2026-07-22T17:23:46.8171178Z [36;1mstart = workflow.find('"""                text=True,')[0m
2026-07-22T17:23:46.8172250Z [36;1mif start < 0:[0m
2026-07-22T17:23:46.8173210Z [36;1m    raise SystemExit('could not locate first Popen literal')[0m
2026-07-22T17:23:46.8174803Z [36;1mnext_file = workflow.find('"gui/rufusarm64_freedos_dialog.py"', start)[0m
2026-07-22T17:23:46.8176712Z [36;1mnext_replace = workflow.rfind('replace_once(', start, next_file)[0m
2026-07-22T17:23:46.8178022Z [36;1mif next_file < 0 or next_replace < 0:[0m
2026-07-22T17:23:46.8179969Z [36;1m    raise SystemExit(f'could not locate replacement boundary: file={next_file} replace={next_replace}')[0m
2026-07-22T17:23:46.8182156Z [36;1mreplacement = '''"                text=True,\\n                start_new_session=True,\\n",[0m
2026-07-22T17:23:46.8183981Z [36;1m    "                text=True,\\n                bufsize=1,\\n                start_new_session=True,\\n",[0m
2026-07-22T17:23:46.8185299Z [36;1m)[0m
2026-07-22T17:23:46.8185820Z [36;1m'''[0m
2026-07-22T17:23:46.8186769Z [36;1mworkflow = workflow[:start] + replacement + workflow[next_replace:][0m
2026-07-22T17:23:46.8187984Z [36;1m[0m
2026-07-22T17:23:46.8188928Z [36;1mbegin_marker = '      - name: Add phase and byte progress\n        run: |\n'[0m
2026-07-22T17:23:46.8190640Z [36;1mend_marker = '\n      - name: Commit progress implementation\n'[0m
2026-07-22T17:23:46.8191870Z [36;1mbegin = workflow.find(begin_marker)[0m
2026-07-22T17:23:46.8192846Z [36;1mend = workflow.find(end_marker, begin)[0m
2026-07-22T17:23:46.8193779Z [36;1mif begin < 0 or end < 0:[0m
2026-07-22T17:23:46.8195103Z [36;1m    raise SystemExit(f'could not locate patch shell block: begin={begin} end={end}')[0m
2026-07-22T17:23:46.8196681Z [36;1mblock = workflow[begin + len(begin_marker):end][0m
2026-07-22T17:23:46.8197653Z [36;1mlines = [][0m
2026-07-22T17:23:46.8198324Z [36;1mfor line in block.splitlines():[0m
2026-07-22T17:23:46.8199305Z [36;1m    if line.startswith('          '):[0m
2026-07-22T17:23:46.8200226Z [36;1m        lines.append(line[10:])[0m
2026-07-22T17:23:46.8201051Z [36;1m    elif not line:[0m
2026-07-22T17:23:46.8201782Z [36;1m        lines.append('')[0m
2026-07-22T17:23:46.8202522Z [36;1m    else:[0m
2026-07-22T17:23:46.8203437Z [36;1m        raise SystemExit(f'unexpected YAML indentation: {line!r}')[0m
2026-07-22T17:23:46.8205297Z [36;1mPath('/tmp/apply-freedos-progress.sh').write_text('\n'.join(lines) + '\n', encoding='utf-8')[0m
2026-07-22T17:23:46.8206810Z [36;1mPY[0m
2026-07-22T17:23:46.8207473Z [36;1mbash -x /tmp/apply-freedos-progress.sh[0m
2026-07-22T17:23:46.8295471Z shell: /usr/bin/bash -e {0}
2026-07-22T17:23:46.8296233Z ##[endgroup]
2026-07-22T17:23:46.8646726Z unexpected YAML indentation: '    "                text=True,\\n                bufsize=1,\\n                start_new_session=True,\\n",'
2026-07-22T17:23:46.8704272Z ##[error]Process completed with exit code 1.
2026-07-22T17:23:46.9014055Z Node 20 is being deprecated. This workflow is running with Node 24 by default. If you need to temporarily use Node 20, you can set the ACTIONS_ALLOW_USE_UNSECURE_NODE_VERSION=true environment variable. For more information see: https://github.blog/changelog/2025-09-19-deprecation-of-node-20-on-github-actions-runners/
2026-07-22T17:23:46.9018817Z Post job cleanup.
2026-07-22T17:23:46.9867706Z [command]/usr/bin/git version
2026-07-22T17:23:46.9910477Z git version 2.54.0
2026-07-22T17:23:46.9949633Z Temporarily overriding HOME='/home/runner/work/_temp/47af37df-f2ef-4fe2-a3da-695b53980bcc' before making global git config changes
2026-07-22T17:23:46.9953385Z Adding repository directory to the temporary git global config as a safe directory
2026-07-22T17:23:46.9956560Z [command]/usr/bin/git config --global --add safe.directory /home/runner/work/RufusUbuntuArm64/RufusUbuntuArm64
2026-07-22T17:23:47.0005565Z [command]/usr/bin/git config --local --name-only --get-regexp core\.sshCommand
2026-07-22T17:23:47.0046488Z [command]/usr/bin/git submodule foreach --recursive sh -c "git config --local --name-only --get-regexp 'core\.sshCommand' && git config --local --unset-all 'core.sshCommand' || :"
2026-07-22T17:23:47.0310004Z [command]/usr/bin/git config --local --name-only --get-regexp http\.https\:\/\/github\.com\/\.extraheader
2026-07-22T17:23:47.0340294Z http.https://github.com/.extraheader
2026-07-22T17:23:47.0352304Z [command]/usr/bin/git config --local --unset-all http.https://github.com/.extraheader
2026-07-22T17:23:47.0389482Z [command]/usr/bin/git submodule foreach --recursive sh -c "git config --local --name-only --get-regexp 'http\.https\:\/\/github\.com\/\.extraheader' && git config --local --unset-all 'http.https://github.com/.extraheader' || :"
2026-07-22T17:23:47.0693799Z [command]/usr/bin/git config --local --name-only --get-regexp ^includeIf\.gitdir:
2026-07-22T17:23:47.0732928Z [command]/usr/bin/git submodule foreach --recursive git config --local --show-origin --name-only --get-regexp remote.origin.url
2026-07-22T17:23:47.1171787Z Cleaning up orphan processes
2026-07-22T17:23:47.1579139Z ##[warning]Node.js 20 is deprecated. The following actions target Node.js 20 but are being forced to run on Node.js 24: actions/checkout@34e114876b0b11c390a56381ad16ebd13914f8d5. For more information see: https://github.blog/changelog/2025-09-19-deprecation-of-node-20-on-github-actions-runners/
